cellenONE_v2.0_nPOP_josh	091803
2.2.2.1113	11:24 AM - 11/15/2022

Run ID: try1__20250926_153912_232

Humidity: RH 68% /+1 /-1

Start Time: 3:39 PM - 9/26/2025
Pulse parameters:
Current Nozzle: 2Voltage (V): 79.0
Pulse length (µs): 0
Frequency (Hz): 500
LED Delay (µs): 200
LDE Pulse (µs): 3


cellenONE parameters:
Ejection zone boundary: 243	Sedimentation zone boundary: 192
Detection parameters:	Wait (ms) 30Min Diameter (µm) 10.5	Max Diameter (µm) 500.0	Circularity 10.000000 Max	Elongation 4.500000 Max	Remove Halo YES	SeparationNO
Printing parameters:
	Min Diameter (µm) 17.0	Max Diameter (µm) 30.0	Lower Grey Threshold 1	Upper Grey Threshold 255	Circularity 10.000000 Max	Elongation 3.000000 Max
Plate	Plate Pos	Nozzle	Well	Target	Level	Field	Drops	X Pos	Y Pos

Probe: 384_well_PCR_plate
Target: nPOP_Slides: 1

Pattern File (last loaded or saved): All_cells.fld

Nozzle(s): 2
Field(s):
X = 2
Y = 1
Start Point
Left: 3000
Up: 1000
X Field Gap:1000/1000/
Y Field Gap:8000/
Pattern Size: 
X = 67
Y = 72
Dot Pitch: 
X = 250
Y = 310
Field 1
[0, 0, 0]
																																																																		
																																																																		
																																																																		
																																																																		
																																																																		
																																																																		
																																																																		
																																																																		
																																																																		
																																																																		
																																																																		
																																																																		
																																																																		
																																																																		
																																																																		
																																																																		
																																																																		
																																																																		
																																																																		
																																																																		
																																																																		
																																																																		
																																																																		
																																																																		
																																																																		
																																																																		
																																																																		
																																																																		
																																																																		
																																																																		
																																																																		
																																																																		
																																																																		
																																																																		
																																																																		
																																																																		
																																																																		
																																																																		
																																																																		
																																																																		
																																																																		
																																																																		
																																																																		
																																																																		
																																																																		
																																																																		
																																																																		
																																																																		
																																																																		
																																																																		
																																																																		
																																																																		
																																																																		
																																																																		
																																																																		
																																																																		
																																																																		
																																																																		
																																																																		
																																																																		
																																																																		
																																																																		
																																																																		
																																																																		
																																																																		
																																																																		
																																																																		
																																																																		
																																																																		
																																																																		
																																																																		
																																																																		


Field 2
[0, 0, 0]
																																																																		
																																																																		
																																																																		
																																																																		
																																																																		
																																																																		
																																																																		
																																																																		
1A1				1A1																																																														
																																																																		
																																																																		
																																																																		
																																																																		
																																																																		
1A1				1A1																																																														
																																																																		
																																																																		
																																																																		
																																																																		
																																																																		
1A1				1A1														1A1				1A1																																												
																																																																		
																																																																		
																																																																		
																																																																		
																																																																		
1A1				1A1														1A1				1A1																																												
																																																																		
																																																																		
																																																																		
																																																																		
																																																																		
1A1				1A1														1A1				1A1																																												
																																																																		
																																																																		
																																																																		
																																																																		
																																																																		
1A1				1A1														1A1				1A1																																												
																																																																		
																																																																		
																																																																		
																																																																		
																																																																		
1A1				1A1														1A1				1A1																																												
																																																																		
																																																																		
																																																																		
																																																																		
																																																																		
1A1				1A1														1A1				1A1																																												
																																																																		
																																																																		
																																																																		
																																																																		
																																																																		
1A1				1A1														1A1				1A1																																												
																																																																		
																																																																		
																																																																		
																																																																		
																																																																		
1A1				1A1														1A1				1A1																																												
																																																																		
																																																																		
																																																																		
																																																																		
																																																																		
																																																																		
																																																																		
																																																																		
																																																																		


Drops/Field 1
[0, 0, 0]
																																																																		
																																																																		
																																																																		
																																																																		
																																																																		
																																																																		
																																																																		
																																																																		
																																																																		
																																																																		
																																																																		
																																																																		
																																																																		
																																																																		
																																																																		
																																																																		
																																																																		
																																																																		
																																																																		
																																																																		
																																																																		
																																																																		
																																																																		
																																																																		
																																																																		
																																																																		
																																																																		
																																																																		
																																																																		
																																																																		
																																																																		
																																																																		
																																																																		
																																																																		
																																																																		
																																																																		
																																																																		
																																																																		
																																																																		
																																																																		
																																																																		
																																																																		
																																																																		
																																																																		
																																																																		
																																																																		
																																																																		
																																																																		
																																																																		
																																																																		
																																																																		
																																																																		
																																																																		
																																																																		
																																																																		
																																																																		
																																																																		
																																																																		
																																																																		
																																																																		
																																																																		
																																																																		
																																																																		
																																																																		
																																																																		
																																																																		
																																																																		
																																																																		
																																																																		
																																																																		
																																																																		
																																																																		


Drops/Field 2
[0, 0, 0]
																																																																		
																																																																		
																																																																		
																																																																		
																																																																		
																																																																		
																																																																		
																																																																		
1				1																																																														
																																																																		
																																																																		
																																																																		
																																																																		
																																																																		
1				1																																																														
																																																																		
																																																																		
																																																																		
																																																																		
																																																																		
1				1														1				1																																												
																																																																		
																																																																		
																																																																		
																																																																		
																																																																		
1				1														1				1																																												
																																																																		
																																																																		
																																																																		
																																																																		
																																																																		
1				1														1				1																																												
																																																																		
																																																																		
																																																																		
																																																																		
																																																																		
1				1														1				1																																												
																																																																		
																																																																		
																																																																		
																																																																		
																																																																		
1				1														1				1																																												
																																																																		
																																																																		
																																																																		
																																																																		
																																																																		
1				1														1				1																																												
																																																																		
																																																																		
																																																																		
																																																																		
																																																																		
1				1														1				1																																												
																																																																		
																																																																		
																																																																		
																																																																		
																																																																		
1				1														1				1																																												
																																																																		
																																																																		
																																																																		
																																																																		
																																																																		
																																																																		
																																																																		
																																																																		
																																																																		



Run Name: 2_Dispense_Cells
Task Names: Humidity_68/DP3/Cells_message/BeginLoop/AutoCellDetection/SpotProbeRun/EndLoop/AutoDropDetection/Flush_PDC/MoveToCameraStation/HeadCameraLight_ON/ScanFieldsOnly/HeadCameraLight_OFF/Message_Isolation_completed
Tasks:
Humidity_68=
13	Set Humidity	Keep 68% humidity	68/1/1																																																																																																																																																																																								
DP3=
27	Set Chiller	Temperature: Dew point	1/1/0.0
Cells_message=
4	Message		Ensure you have at taken cells in nozzle at an optimal concentration, that you have mapped your samples, and that droplet is stable before pressing continue.	OK
BeginLoop=
5	Function	Begin Loop	Begin Loop	1																																																																																																																																																																																							
AutoCellDetection=
5	Function		AutoParticleDetection	30	C:\Users\Scienion AG		0/0/500/0/0/1	1																																																																																																																																																																																			
SpotProbeRun=
0	Drives		1	Target	163581	106000	23407	25000	25000	15000																																																																																																																																																																																	
2	Piezo		S_N	Run	0																																																																																																																																																																																						
EndLoop=
5	Function	End Loop	End Loop	2																																																																																																																																																																																							
AutoDropDetection=
5	Function		Auto Drop Detection	3	C:\Users\Scienion AG		0/0/0/200/1/0/2	0																																																																																																																																																																																			
Flush_PDC=
0	Drives	MoveToWasteStation1	6	WasteStation1	5928	6568	20986	30000	30000	15000																																																																																																																																																																																	
1	I/O		1	DOutput1	Wash Pump	ON	0																																																																																																																																																																																				
7	Syringe Pump		0.0/1.0/0.0/500.0/18.0/500.0/1.0																																																																																																																																																																																								
3	Wait		5000																																																																																																																																																																																								
0	Drives		4	WashStation1	5927	11569	28973	25000	25000	10000																																																																																																																																																																																	
2	Piezo	StartUltrasonic	S_N	Ultrasonics	0																																																																																																																																																																																						
3	Wait		6000																																																																																																																																																																																								
2	Piezo		S_N	Stop	0																																																																																																																																																																																						
3	Wait		3000																																																																																																																																																																																								
2	Piezo		S_N	Ultrasonics	0																																																																																																																																																																																						
3	Wait		5000																																																																																																																																																																																								
2	Piezo		S_N	Stop	0																																																																																																																																																																																						
7	Syringe Pump		1.0/1.0/0.0/500.0/18.0/500.0/1.0																																																																																																																																																																																								
0	Drives		3	CameraStation	38000	6000	21500	25000	25000	15000																																																																																																																																																																																	
1	I/O		1	DOutput1	Wash Pump	OFF	0																																																																																																																																																																																				
MoveToCameraStation=
0	Drives		3	CameraStation	37101	1548	20916	20000	20000	5000																																																																																																																																																																																	
HeadCameraLight_ON=
1	I/O	switch ON	2	DOutput2	Head Cam Light	ON	0																																																																																																																																																																																				
ScanFieldsOnly=
1	I/O	switch ON	2	DOutput2	Head Cam Light	ON	0																																																																																																																																																																																				
5	Function		Scan Spot Area	10	C:\Users\Scienion AG	0	1	0																																																																																																																																																																																			
HeadCameraLight_OFF=
1	I/O		2	DOutput2	Head Cam Light	OFF	0																																																																																																																																																																																				
Message_Isolation_completed=
4	Message		Isolation completed! If you are done dispesnsing cells, make sure to close the cell Monitor before continuing the preparation.	OK																																																																																																																																																																																							

26.09.25-15:39:14.577	13	Set Humidity	Keep 68% humidity	68/1/1																																																																																																																																																																																								
26.09.25-15:39:14.578	27	Set Chiller	Temperature: Dew point	1/1/0.0																																																																																																																																																																																								
26.09.25-15:39:14.579	4	Message		Ensure you have at taken cells in nozzle at an optimal concentration, that you have mapped your samples, and that droplet is stable before pressing continue.	OK																																																																																																																																																																																							
26.09.25-15:39:14.585	Comment: Ensure you have at taken cells in nozzle at an optimal concentration, that you have mapped your samples, and that droplet is stable before pressing continue.
26.09.25-15:39:15.899	5	Function	Begin Loop	Begin Loop	1																																																																																																																																																																																							
26.09.25-15:39:15.902	5	Function		AutoParticleDetection	30	C:\Users\Scienion AG		0/0/500/0/0/1	1																																																																																																																																																																																			
26.09.25-15:39:15.902	Moving to: X= 42435; Y=2497
26.09.25-15:39:15.964	X=42435   42435__Y=2497   2497
26.09.25-15:39:16.043	Z=25224   25224__1
26.09.25-15:39:19.061	1	 0/ 0	1	A1	1	2	1	0	8
	TgtFound: True	Tgt4CTs: False
26.09.25-15:39:19.061	1	 0/ 0	1	A1	1	1	2	1	0	8
26.09.25-15:39:19.062	Moving to: X= 91203; Y=3777
26.09.25-15:39:19.557	X=91203   91194__Y=3777   3777
26.09.25-15:39:19.590	5	Function	End Loop	End Loop	2																																																																																																																																																																																							
26.09.25-15:39:19.592	5	Function		AutoParticleDetection	30	C:\Users\Scienion AG		0/0/500/0/0/1	1																																																																																																																																																																																			
26.09.25-15:39:19.592	Moving to: X= 42435; Y=2497
26.09.25-15:39:20.197	X=42435   42437__Y=2497   2497
26.09.25-15:39:21.486	Humidity=	68	  Temperature=	22	  Dew Point=	15.8	  Adj. Temp=	14.8	  Bath Temp=	16.3
26.09.25-15:39:51.682	1	 0/ 0	1	A1	1	2	1	0	14
	TgtFound: True	Tgt4CTs: False
26.09.25-15:39:51.682	1	 0/ 0	1	A1	1	1	2	1	0	14
26.09.25-15:39:51.683	Moving to: X= 91203; Y=5637
26.09.25-15:39:52.180	X=91203   91194__Y=5637   5637
26.09.25-15:39:52.210	5	Function	End Loop	End Loop	2																																																																																																																																																																																							
26.09.25-15:39:52.212	5	Function		AutoParticleDetection	30	C:\Users\Scienion AG		0/0/500/0/0/1	1																																																																																																																																																																																			
26.09.25-15:39:52.212	Moving to: X= 42435; Y=2497
26.09.25-15:39:52.821	X=42435   42437__Y=2497   2497
26.09.25-15:40:13.394	1	 0/ 0	1	A1	1	2	1	0	20
	TgtFound: True	Tgt4CTs: False
26.09.25-15:40:13.394	1	 0/ 0	1	A1	1	1	2	1	0	20
26.09.25-15:40:13.394	Moving to: X= 91203; Y=7497
26.09.25-15:40:13.891	X=91203   91194__Y=7497   7497
26.09.25-15:40:13.920	5	Function	End Loop	End Loop	2																																																																																																																																																																																							
26.09.25-15:40:13.922	5	Function		AutoParticleDetection	30	C:\Users\Scienion AG		0/0/500/0/0/1	1																																																																																																																																																																																			
26.09.25-15:40:13.922	Moving to: X= 42435; Y=2497
26.09.25-15:40:14.529	X=42435   42437__Y=2497   2497
26.09.25-15:40:21.521	Humidity=	76	  Temperature=	22	  Dew Point=	16.9	  Adj. Temp=	15.9	  Bath Temp=	15.3
26.09.25-15:40:37.562	1	 0/ 0	1	A1	1	2	1	0	26
	TgtFound: True	Tgt4CTs: False
26.09.25-15:40:37.562	1	 0/ 0	1	A1	1	1	2	1	0	26
26.09.25-15:40:37.563	Moving to: X= 91203; Y=9357
26.09.25-15:40:38.057	X=91203   91193__Y=9357   9357
26.09.25-15:40:38.089	5	Function	End Loop	End Loop	2																																																																																																																																																																																							
26.09.25-15:40:38.091	5	Function		AutoParticleDetection	30	C:\Users\Scienion AG		0/0/500/0/0/1	1																																																																																																																																																																																			
26.09.25-15:40:38.091	Moving to: X= 42435; Y=2497
26.09.25-15:40:38.696	X=42435   42438__Y=2497   2497
26.09.25-15:40:40.406	1	 0/ 0	1	A1	1	2	1	0	32
	TgtFound: True	Tgt4CTs: False
26.09.25-15:40:40.406	1	 0/ 0	1	A1	1	1	2	1	0	32
26.09.25-15:40:40.407	Moving to: X= 91203; Y=11217
26.09.25-15:40:40.905	X=91203   91193__Y=11217   11217
26.09.25-15:40:40.934	5	Function	End Loop	End Loop	2																																																																																																																																																																																							
26.09.25-15:40:40.936	5	Function		AutoParticleDetection	30	C:\Users\Scienion AG		0/0/500/0/0/1	1																																																																																																																																																																																			
26.09.25-15:40:40.936	Moving to: X= 42435; Y=2497
26.09.25-15:40:41.543	X=42435   42438__Y=2497   2497
26.09.25-15:41:03.999	1	 0/ 0	1	A1	1	2	1	0	38
	TgtFound: True	Tgt4CTs: False
26.09.25-15:41:03.999	1	 0/ 0	1	A1	1	1	2	1	0	38
26.09.25-15:41:04.000	Moving to: X= 91203; Y=13077
26.09.25-15:41:04.499	X=91203   91193__Y=13077   13077
26.09.25-15:41:04.528	5	Function	End Loop	End Loop	2																																																																																																																																																																																							
26.09.25-15:41:04.530	5	Function		AutoParticleDetection	30	C:\Users\Scienion AG		0/0/500/0/0/1	1																																																																																																																																																																																			
26.09.25-15:41:04.530	Moving to: X= 42435; Y=2497
26.09.25-15:41:05.136	X=42435   42438__Y=2497   2497
26.09.25-15:41:10.869	1	 0/ 0	1	A1	1	2	1	0	44
	TgtFound: True	Tgt4CTs: False
26.09.25-15:41:10.870	1	 0/ 0	1	A1	1	1	2	1	0	44
26.09.25-15:41:10.870	Moving to: X= 91203; Y=14937
26.09.25-15:41:11.369	X=91203   91194__Y=14937   14937
26.09.25-15:41:11.398	5	Function	End Loop	End Loop	2																																																																																																																																																																																							
26.09.25-15:41:11.400	5	Function		AutoParticleDetection	30	C:\Users\Scienion AG		0/0/500/0/0/1	1																																																																																																																																																																																			
26.09.25-15:41:11.400	Moving to: X= 42435; Y=2497
26.09.25-15:41:12.005	X=42435   42437__Y=2497   2497
26.09.25-15:41:21.558	Humidity=	68	  Temperature=	22	  Dew Point=	16.1	  Adj. Temp=	15.1	  Bath Temp=	17.1
26.09.25-15:41:45.872	1	 0/ 0	1	A1	1	2	1	0	50
	TgtFound: True	Tgt4CTs: False
26.09.25-15:41:45.872	1	 0/ 0	1	A1	1	1	2	1	0	50
26.09.25-15:41:45.872	Moving to: X= 91203; Y=16797
26.09.25-15:41:46.368	X=91203   91193__Y=16797   16797
26.09.25-15:41:46.398	5	Function	End Loop	End Loop	2																																																																																																																																																																																							
26.09.25-15:41:46.400	5	Function		AutoParticleDetection	30	C:\Users\Scienion AG		0/0/500/0/0/1	1																																																																																																																																																																																			
26.09.25-15:41:46.400	Moving to: X= 42435; Y=2497
26.09.25-15:41:47.006	X=42435   42437__Y=2497   2497
26.09.25-15:41:54.179	1	 0/ 0	1	A1	1	2	1	0	56
	TgtFound: True	Tgt4CTs: False
26.09.25-15:41:54.179	1	 0/ 0	1	A1	1	1	2	1	0	56
26.09.25-15:41:54.179	Moving to: X= 91203; Y=18657
26.09.25-15:41:54.675	X=91203   91196__Y=18657   18657
26.09.25-15:41:54.706	5	Function	End Loop	End Loop	2																																																																																																																																																																																							
26.09.25-15:41:54.708	5	Function		AutoParticleDetection	30	C:\Users\Scienion AG		0/0/500/0/0/1	1																																																																																																																																																																																			
26.09.25-15:41:54.708	Moving to: X= 42435; Y=2497
26.09.25-15:41:55.320	X=42435   42438__Y=2497   2497
26.09.25-15:42:16.511	1	 0/ 0	1	A1	1	2	1	0	62
	TgtFound: True	Tgt4CTs: False
26.09.25-15:42:16.511	1	 0/ 0	1	A1	1	1	2	1	0	62
26.09.25-15:42:16.512	Moving to: X= 91203; Y=20517
26.09.25-15:42:17.008	X=91203   91192__Y=20517   20518
26.09.25-15:42:17.039	5	Function	End Loop	End Loop	2																																																																																																																																																																																							
26.09.25-15:42:17.041	5	Function		AutoParticleDetection	30	C:\Users\Scienion AG		0/0/500/0/0/1	1																																																																																																																																																																																			
26.09.25-15:42:17.041	Moving to: X= 42435; Y=2497
26.09.25-15:42:17.647	X=42435   42437__Y=2497   2497
26.09.25-15:42:19.355	1	 0/ 0	1	A1	1	2	1	4	8
	TgtFound: True	Tgt4CTs: False
26.09.25-15:42:19.355	1	 0/ 0	1	A1	1	1	2	1	4	8
26.09.25-15:42:19.355	Moving to: X= 92203; Y=3777
26.09.25-15:42:19.857	X=92203   92191__Y=3777   3777
26.09.25-15:42:19.883	5	Function	End Loop	End Loop	2																																																																																																																																																																																							
26.09.25-15:42:19.885	5	Function		AutoParticleDetection	30	C:\Users\Scienion AG		0/0/500/0/0/1	1																																																																																																																																																																																			
26.09.25-15:42:19.885	Moving to: X= 42435; Y=2497
26.09.25-15:42:20.494	X=42435   42437__Y=2497   2497
26.09.25-15:42:21.576	Humidity=	67	  Temperature=	23	  Dew Point=	16.5	  Adj. Temp=	15.5	  Bath Temp=	15.8
26.09.25-15:42:23.524	1	 0/ 0	1	A1	1	2	1	4	14
	TgtFound: True	Tgt4CTs: False
26.09.25-15:42:23.524	1	 0/ 0	1	A1	1	1	2	1	4	14
26.09.25-15:42:23.525	Moving to: X= 92203; Y=5637
26.09.25-15:42:24.026	X=92203   92191__Y=5637   5637
26.09.25-15:42:24.053	5	Function	End Loop	End Loop	2																																																																																																																																																																																							
26.09.25-15:42:24.055	5	Function		AutoParticleDetection	30	C:\Users\Scienion AG		0/0/500/0/0/1	1																																																																																																																																																																																			
26.09.25-15:42:24.055	Moving to: X= 42435; Y=2497
26.09.25-15:42:24.671	X=42435   42437__Y=2497   2497
26.09.25-15:42:42.024	1	 0/ 0	1	A1	1	2	1	4	20
	TgtFound: True	Tgt4CTs: False
26.09.25-15:42:42.025	1	 0/ 0	1	A1	1	1	2	1	4	20
26.09.25-15:42:42.025	Moving to: X= 92203; Y=7497
26.09.25-15:42:42.525	X=92203   92191__Y=7497   7497
26.09.25-15:42:42.552	5	Function	End Loop	End Loop	2																																																																																																																																																																																							
26.09.25-15:42:42.554	5	Function		AutoParticleDetection	30	C:\Users\Scienion AG		0/0/500/0/0/1	1																																																																																																																																																																																			
26.09.25-15:42:42.554	Moving to: X= 42435; Y=2497
26.09.25-15:42:43.166	X=42435   42437__Y=2497   2497
26.09.25-15:43:00.604	1	 0/ 0	1	A1	1	2	1	4	26
	TgtFound: True	Tgt4CTs: False
26.09.25-15:43:00.604	1	 0/ 0	1	A1	1	1	2	1	4	26
26.09.25-15:43:00.605	Moving to: X= 92203; Y=9357
26.09.25-15:43:01.105	X=92203   92191__Y=9357   9357
26.09.25-15:43:01.132	5	Function	End Loop	End Loop	2																																																																																																																																																																																							
26.09.25-15:43:01.134	5	Function		AutoParticleDetection	30	C:\Users\Scienion AG		0/0/500/0/0/1	1																																																																																																																																																																																			
26.09.25-15:43:01.134	Moving to: X= 42435; Y=2497
26.09.25-15:43:01.746	X=42435   42437__Y=2497   2497
26.09.25-15:43:03.894	1	 0/ 0	1	A1	1	2	1	4	32
	TgtFound: True	Tgt4CTs: False
26.09.25-15:43:03.894	1	 0/ 0	1	A1	1	1	2	1	4	32
26.09.25-15:43:03.895	Moving to: X= 92203; Y=11217
26.09.25-15:43:04.393	X=92203   92191__Y=11217   11217
26.09.25-15:43:04.421	5	Function	End Loop	End Loop	2																																																																																																																																																																																							
26.09.25-15:43:04.423	5	Function		AutoParticleDetection	30	C:\Users\Scienion AG		0/0/500/0/0/1	1																																																																																																																																																																																			
26.09.25-15:43:04.423	Moving to: X= 42435; Y=2497
26.09.25-15:43:05.034	X=42435   42437__Y=2497   2497
26.09.25-15:43:05.460	1	 0/ 0	1	A1	1	2	1	4	38
	TgtFound: True	Tgt4CTs: False
26.09.25-15:43:05.460	1	 0/ 0	1	A1	1	1	2	1	4	38
26.09.25-15:43:05.461	Moving to: X= 92203; Y=13077
26.09.25-15:43:05.962	X=92203   92192__Y=13077   13077
26.09.25-15:43:05.987	5	Function	End Loop	End Loop	2																																																																																																																																																																																							
26.09.25-15:43:05.989	5	Function		AutoParticleDetection	30	C:\Users\Scienion AG		0/0/500/0/0/1	1																																																																																																																																																																																			
26.09.25-15:43:05.989	Moving to: X= 42435; Y=2497
26.09.25-15:43:06.604	X=42435   42437__Y=2497   2497
26.09.25-15:43:09.325	1	 0/ 0	1	A1	1	2	1	4	44
	TgtFound: True	Tgt4CTs: False
26.09.25-15:43:09.326	1	 0/ 0	1	A1	1	1	2	1	4	44
26.09.25-15:43:09.326	Moving to: X= 92203; Y=14937
26.09.25-15:43:09.830	X=92203   92192__Y=14937   14937
26.09.25-15:43:09.854	5	Function	End Loop	End Loop	2																																																																																																																																																																																							
26.09.25-15:43:09.856	5	Function		AutoParticleDetection	30	C:\Users\Scienion AG		0/0/500/0/0/1	1																																																																																																																																																																																			
26.09.25-15:43:09.856	Moving to: X= 42435; Y=2497
26.09.25-15:43:10.466	X=42435   42438__Y=2497   2497
26.09.25-15:43:15.061	1	 0/ 0	1	A1	1	2	1	4	50
	TgtFound: True	Tgt4CTs: False
26.09.25-15:43:15.061	1	 0/ 0	1	A1	1	1	2	1	4	50
26.09.25-15:43:15.062	Moving to: X= 92203; Y=16797
26.09.25-15:43:15.562	X=92203   92192__Y=16797   16797
26.09.25-15:43:15.589	5	Function	End Loop	End Loop	2																																																																																																																																																																																							
26.09.25-15:43:15.591	5	Function		AutoParticleDetection	30	C:\Users\Scienion AG		0/0/500/0/0/1	1																																																																																																																																																																																			
26.09.25-15:43:15.591	Moving to: X= 42435; Y=2497
26.09.25-15:43:16.203	X=42435   42437__Y=2497   2497
26.09.25-15:43:21.599	Humidity=	74	  Temperature=	22	  Dew Point=	17.4	  Adj. Temp=	16.4	  Bath Temp=	16.9
26.09.25-15:43:30.813	1	 0/ 0	1	A1	1	2	1	4	56
	TgtFound: True	Tgt4CTs: False
26.09.25-15:43:30.813	1	 0/ 0	1	A1	1	1	2	1	4	56
26.09.25-15:43:30.813	Moving to: X= 92203; Y=18657
26.09.25-15:43:31.314	X=92203   92194__Y=18657   18658
26.09.25-15:43:31.340	5	Function	End Loop	End Loop	2																																																																																																																																																																																							
26.09.25-15:43:31.342	5	Function		AutoParticleDetection	30	C:\Users\Scienion AG		0/0/500/0/0/1	1																																																																																																																																																																																			
26.09.25-15:43:31.342	Moving to: X= 42435; Y=2497
26.09.25-15:43:31.955	X=42435   42437__Y=2497   2497
26.09.25-15:43:42.649	1	 0/ 0	1	A1	1	2	1	4	62
	TgtFound: True	Tgt4CTs: False
26.09.25-15:43:42.650	1	 0/ 0	1	A1	1	1	2	1	4	62
26.09.25-15:43:42.650	Moving to: X= 92203; Y=20517
26.09.25-15:43:43.154	X=92203   92193__Y=20517   20518
26.09.25-15:43:43.178	5	Function	End Loop	End Loop	2																																																																																																																																																																																							
26.09.25-15:43:43.180	5	Function		AutoParticleDetection	30	C:\Users\Scienion AG		0/0/500/0/0/1	1																																																																																																																																																																																			
26.09.25-15:43:43.180	Moving to: X= 42435; Y=2497
26.09.25-15:43:43.792	X=42435   42437__Y=2497   2497
26.09.25-15:44:00.414	1	 0/ 0	1	A1	1	2	1	18	20
	TgtFound: True	Tgt4CTs: False
26.09.25-15:44:00.414	1	 0/ 0	1	A1	1	1	2	1	18	20
26.09.25-15:44:00.415	Moving to: X= 95703; Y=7497
26.09.25-15:44:00.934	X=95703   95688__Y=7497   7497
26.09.25-15:44:00.958	5	Function	End Loop	End Loop	2																																																																																																																																																																																							
26.09.25-15:44:00.960	5	Function		AutoParticleDetection	30	C:\Users\Scienion AG		0/0/500/0/0/1	1																																																																																																																																																																																			
26.09.25-15:44:00.960	Moving to: X= 42435; Y=2497
26.09.25-15:44:01.595	X=42435   42437__Y=2497   2497
26.09.25-15:44:06.660	1	 0/ 0	1	A1	1	2	1	18	26
	TgtFound: True	Tgt4CTs: False
26.09.25-15:44:06.660	1	 0/ 0	1	A1	1	1	2	1	18	26
26.09.25-15:44:06.661	Moving to: X= 95703; Y=9357
26.09.25-15:44:07.177	X=95703   95688__Y=9357   9357
26.09.25-15:44:07.206	5	Function	End Loop	End Loop	2																																																																																																																																																																																							
26.09.25-15:44:07.208	5	Function		AutoParticleDetection	30	C:\Users\Scienion AG		0/0/500/0/0/1	1																																																																																																																																																																																			
26.09.25-15:44:07.209	Moving to: X= 42435; Y=2497
26.09.25-15:44:07.842	X=42435   42438__Y=2497   2497
26.09.25-15:44:21.631	Humidity=	69	  Temperature=	22	  Dew Point=	16.1	  Adj. Temp=	15.1	  Bath Temp=	16.3
26.09.25-15:44:28.897	1	 0/ 0	1	A1	1	2	1	18	32
	TgtFound: True	Tgt4CTs: False
26.09.25-15:44:28.898	1	 0/ 0	1	A1	1	1	2	1	18	32
26.09.25-15:44:28.898	Moving to: X= 95703; Y=11217
26.09.25-15:44:29.417	X=95703   95688__Y=11217   11217
26.09.25-15:44:29.441	5	Function	End Loop	End Loop	2																																																																																																																																																																																							
26.09.25-15:44:29.443	5	Function		AutoParticleDetection	30	C:\Users\Scienion AG		0/0/500/0/0/1	1																																																																																																																																																																																			
26.09.25-15:44:29.443	Moving to: X= 42435; Y=2497
26.09.25-15:44:30.081	X=42435   42438__Y=2497   2497
26.09.25-15:44:48.658	1	 0/ 0	1	A1	1	2	1	18	38
	TgtFound: True	Tgt4CTs: False
26.09.25-15:44:48.658	1	 0/ 0	1	A1	1	1	2	1	18	38
26.09.25-15:44:48.658	Moving to: X= 95703; Y=13077
26.09.25-15:44:49.177	X=95703   95688__Y=13077   13077
26.09.25-15:44:49.201	5	Function	End Loop	End Loop	2																																																																																																																																																																																							
26.09.25-15:44:49.204	5	Function		AutoParticleDetection	30	C:\Users\Scienion AG		0/0/500/0/0/1	1																																																																																																																																																																																			
26.09.25-15:44:49.204	Moving to: X= 42435; Y=2497
26.09.25-15:44:49.841	X=42435   42438__Y=2497   2497
26.09.25-15:44:53.482	1	 0/ 0	1	A1	1	2	1	18	44
	TgtFound: True	Tgt4CTs: False
26.09.25-15:44:53.482	1	 0/ 0	1	A1	1	1	2	1	18	44
26.09.25-15:44:53.483	Moving to: X= 95703; Y=14937
26.09.25-15:44:54.002	X=95703   95688__Y=14937   14937
26.09.25-15:44:54.025	5	Function	End Loop	End Loop	2																																																																																																																																																																																							
26.09.25-15:44:54.027	5	Function		AutoParticleDetection	30	C:\Users\Scienion AG		0/0/500/0/0/1	1																																																																																																																																																																																			
26.09.25-15:44:54.027	Moving to: X= 42435; Y=2497
26.09.25-15:44:54.662	X=42435   42438__Y=2497   2497
26.09.25-15:44:59.009	1	 0/ 0	1	A1	1	2	1	18	50
	TgtFound: True	Tgt4CTs: False
26.09.25-15:44:59.009	1	 0/ 0	1	A1	1	1	2	1	18	50
26.09.25-15:44:59.010	Moving to: X= 95703; Y=16797
26.09.25-15:44:59.528	X=95703   95688__Y=16797   16797
26.09.25-15:44:59.553	5	Function	End Loop	End Loop	2																																																																																																																																																																																							
26.09.25-15:44:59.555	5	Function		AutoParticleDetection	30	C:\Users\Scienion AG		0/0/500/0/0/1	1																																																																																																																																																																																			
26.09.25-15:44:59.555	Moving to: X= 42435; Y=2497
26.09.25-15:45:00.191	X=42435   42438__Y=2497   2497
26.09.25-15:45:04.841	1	 0/ 0	1	A1	1	2	1	18	56
	TgtFound: True	Tgt4CTs: False
26.09.25-15:45:04.841	1	 0/ 0	1	A1	1	1	2	1	18	56
26.09.25-15:45:04.841	Moving to: X= 95703; Y=18657
26.09.25-15:45:05.358	X=95703   95689__Y=18657   18657
26.09.25-15:45:05.384	5	Function	End Loop	End Loop	2																																																																																																																																																																																							
26.09.25-15:45:05.386	5	Function		AutoParticleDetection	30	C:\Users\Scienion AG		0/0/500/0/0/1	1																																																																																																																																																																																			
26.09.25-15:45:05.386	Moving to: X= 42435; Y=2497
26.09.25-15:45:06.023	X=42435   42437__Y=2497   2497
26.09.25-15:45:10.623	1	 0/ 0	1	A1	1	2	1	18	62
	TgtFound: True	Tgt4CTs: False
26.09.25-15:45:10.623	1	 0/ 0	1	A1	1	1	2	1	18	62
26.09.25-15:45:10.624	Moving to: X= 95703; Y=20517
26.09.25-15:45:11.145	X=95703   95689__Y=20517   20517
26.09.25-15:45:11.183	5	Function	End Loop	End Loop	2																																																																																																																																																																																							
26.09.25-15:45:11.185	5	Function		AutoParticleDetection	30	C:\Users\Scienion AG		0/0/500/0/0/1	1																																																																																																																																																																																			
26.09.25-15:45:11.185	Moving to: X= 42435; Y=2497
26.09.25-15:45:11.822	X=42435   42438__Y=2497   2497
26.09.25-15:45:12.683	1	 0/ 0	1	A1	1	2	1	22	20
	TgtFound: True	Tgt4CTs: False
26.09.25-15:45:12.683	1	 0/ 0	1	A1	1	1	2	1	22	20
26.09.25-15:45:12.684	Moving to: X= 96703; Y=7497
26.09.25-15:45:13.205	X=96703   96688__Y=7497   7497
26.09.25-15:45:13.227	5	Function	End Loop	End Loop	2																																																																																																																																																																																							
26.09.25-15:45:13.229	5	Function		AutoParticleDetection	30	C:\Users\Scienion AG		0/0/500/0/0/1	1																																																																																																																																																																																			
26.09.25-15:45:13.229	Moving to: X= 42435; Y=2497
26.09.25-15:45:13.871	X=42435   42438__Y=2497   2497
26.09.25-15:45:14.297	1	 0/ 0	1	A1	1	2	1	22	26
	TgtFound: True	Tgt4CTs: False
26.09.25-15:45:14.297	1	 0/ 0	1	A1	1	1	2	1	22	26
26.09.25-15:45:14.297	Moving to: X= 96703; Y=9357
26.09.25-15:45:14.815	X=96703   96687__Y=9357   9357
26.09.25-15:45:14.841	5	Function	End Loop	End Loop	2																																																																																																																																																																																							
26.09.25-15:45:14.843	5	Function		AutoParticleDetection	30	C:\Users\Scienion AG		0/0/500/0/0/1	1																																																																																																																																																																																			
26.09.25-15:45:14.843	Moving to: X= 42435; Y=2497
26.09.25-15:45:15.485	X=42435   42439__Y=2497   2497
26.09.25-15:45:21.661	Humidity=	66	  Temperature=	23	  Dew Point=	16.3	  Adj. Temp=	15.3	  Bath Temp=	15.8
26.09.25-15:45:22.317	1	 0/ 0	1	A1	1	2	1	22	32
	TgtFound: True	Tgt4CTs: False
26.09.25-15:45:22.317	1	 0/ 0	1	A1	1	1	2	1	22	32
26.09.25-15:45:22.318	Moving to: X= 96703; Y=11217
26.09.25-15:45:22.839	X=96703   96688__Y=11217   11217
26.09.25-15:45:22.878	5	Function	End Loop	End Loop	2																																																																																																																																																																																							
26.09.25-15:45:22.880	5	Function		AutoParticleDetection	30	C:\Users\Scienion AG		0/0/500/0/0/1	1																																																																																																																																																																																			
26.09.25-15:45:22.881	Moving to: X= 42435; Y=2497
26.09.25-15:45:23.519	X=42435   42439__Y=2497   2497
26.09.25-15:45:27.749	1	 0/ 0	1	A1	1	2	1	22	38
	TgtFound: True	Tgt4CTs: False
26.09.25-15:45:27.749	1	 0/ 0	1	A1	1	1	2	1	22	38
26.09.25-15:45:27.749	Moving to: X= 96703; Y=13077
26.09.25-15:45:28.271	X=96703   96687__Y=13077   13077
26.09.25-15:45:28.308	5	Function	End Loop	End Loop	2																																																																																																																																																																																							
26.09.25-15:45:28.310	5	Function		AutoParticleDetection	30	C:\Users\Scienion AG		0/0/500/0/0/1	1																																																																																																																																																																																			
26.09.25-15:45:28.310	Moving to: X= 42435; Y=2497
26.09.25-15:45:28.954	X=42435   42439__Y=2497   2497
26.09.25-15:45:29.074	1	 0/ 0	1	A1	1	2	1	22	44
	TgtFound: True	Tgt4CTs: False
26.09.25-15:45:29.075	1	 0/ 0	1	A1	1	1	2	1	22	44
26.09.25-15:45:29.075	Moving to: X= 96703; Y=14937
26.09.25-15:45:29.594	X=96703   96687__Y=14937   14937
26.09.25-15:45:29.618	5	Function	End Loop	End Loop	2																																																																																																																																																																																							
26.09.25-15:45:29.620	5	Function		AutoParticleDetection	30	C:\Users\Scienion AG		0/0/500/0/0/1	1																																																																																																																																																																																			
26.09.25-15:45:29.620	Moving to: X= 42435; Y=2497
26.09.25-15:45:30.263	X=42435   42438__Y=2497   2497
26.09.25-15:45:47.412	1	 0/ 0	1	A1	1	2	1	22	50
	TgtFound: True	Tgt4CTs: False
26.09.25-15:45:47.412	1	 0/ 0	1	A1	1	1	2	1	22	50
26.09.25-15:45:47.413	Moving to: X= 96703; Y=16797
26.09.25-15:45:47.932	X=96703   96687__Y=16797   16797
26.09.25-15:45:47.956	5	Function	End Loop	End Loop	2																																																																																																																																																																																							
26.09.25-15:45:47.958	5	Function		AutoParticleDetection	30	C:\Users\Scienion AG		0/0/500/0/0/1	1																																																																																																																																																																																			
26.09.25-15:45:47.958	Moving to: X= 42435; Y=2497
26.09.25-15:45:48.598	X=42435   42439__Y=2497   2497
26.09.25-15:45:48.882	1	 0/ 0	1	A1	1	2	1	22	56
	TgtFound: True	Tgt4CTs: False
26.09.25-15:45:48.882	1	 0/ 0	1	A1	1	1	2	1	22	56
26.09.25-15:45:48.883	Moving to: X= 96703; Y=18657
26.09.25-15:45:49.405	X=96703   96689__Y=18657   18657
26.09.25-15:45:49.443	5	Function	End Loop	End Loop	2																																																																																																																																																																																							
26.09.25-15:45:49.445	5	Function		AutoParticleDetection	30	C:\Users\Scienion AG		0/0/500/0/0/1	1																																																																																																																																																																																			
26.09.25-15:45:49.445	Moving to: X= 42435; Y=2497
26.09.25-15:45:50.086	X=42435   42438__Y=2497   2497
26.09.25-15:46:15.591	1	 0/ 0	1	A1	1	2	1	22	62
	TgtFound: True	Tgt4CTs: False
26.09.25-15:46:15.591	1	 0/ 0	1	A1	1	1	2	1	22	62
26.09.25-15:46:15.592	Moving to: X= 96703; Y=20517
26.09.25-15:46:16.111	X=96703   96688__Y=20517   20517
26.09.25-15:46:16.137	5	Function	End Loop	End Loop	2																																																																																																																																																																																							
26.09.25-15:46:16.139	5	Function		Auto Drop Detection	3	C:\Users\Scienion AG		0/0/0/200/1/0/2	0																																																																																																																																																																																			
26.09.25-15:46:17.202	Z=11550   11550__1
26.09.25-15:46:17.203	Moving to: X= 42435; Y=2497
26.09.25-15:46:17.770	X=42435   42443__Y=2497   2497
26.09.25-15:46:18.829	Z=25224   25224__1
26.09.25-15:46:18.868	Moving to: X= 42435; Y=2497
26.09.25-15:46:18.945	X=42435   42435__Y=2497   2497
26.09.25-15:46:19.022	Z=25224   25224__1
26.09.25-15:46:20.326	Z=11550   11550__1
26.09.25-15:46:20.327	Moving to: X= 33480; Y=2502
26.09.25-15:46:20.598	X=33480   33484__Y=2502   2502
26.09.25-15:46:21.657	Z=25269   25269__1
26.09.25-15:46:21.670	Humidity=	71	  Temperature=	22	  Dew Point=	17.7	  Adj. Temp=	16.7	  Bath Temp=	17.9
26.09.25-15:46:22.931	Z=11550   11550__1
26.09.25-15:46:22.931	Moving to: X= 42435; Y=2497
26.09.25-15:46:23.206	X=42435   42428__Y=2497   2497
26.09.25-15:46:24.267	Z=25224   25224__1
26.09.25-15:46:25.337	Z=11550   11550__1
26.09.25-15:46:25.337	Moving to: X= 42435; Y=2497
26.09.25-15:46:25.399	X=42435   42435__Y=2497   2497
26.09.25-15:46:26.459	Z=25224   25224__1
26.09.25-15:46:26.460	0	Drives	MoveToWasteStation1	6	WasteStation1	5928	6568	20986	30000	30000	15000																																																																																																																																																																																	
26.09.25-15:46:27.543	Z=11550   11550__1
26.09.25-15:46:27.544	Moving to: X= 9800; Y=2300
26.09.25-15:46:27.960	X=9800   9811__Y=2300   2300
26.09.25-15:46:29.060	Z=25657   25657__1
26.09.25-15:46:29.060	1	I/O		1	DOutput1	Wash Pump	ON	0																																																																																																																																																																																				
26.09.25-15:46:29.064	7	Syringe Pump		0.0/1.0/0.0/500.0/18.0/500.0/1.0																																																																																																																																																																																								
26.09.25-15:46:29.467	3	Wait		5000																																																																																																																																																																																								
26.09.25-15:46:34.488	0	Drives		4	WashStation1	5927	11569	28973	25000	25000	10000																																																																																																																																																																																	
26.09.25-15:46:35.569	Z=11550   11550__1
26.09.25-15:46:35.569	Moving to: X= 9800; Y=7300
26.09.25-15:46:35.806	X=9800   9800__Y=7300   7298
26.09.25-15:46:37.332	Z=38001   38001__1
26.09.25-15:46:37.332	2	Piezo	StartUltrasonic	S_N	Ultrasonics	0																																																																																																																																																																																						
26.09.25-15:46:38.487	3	Wait		6000																																																																																																																																																																																								
26.09.25-15:46:44.507	2	Piezo		S_N	Stop	0																																																																																																																																																																																						
26.09.25-15:46:44.637	3	Wait		3000																																																																																																																																																																																								
26.09.25-15:46:47.664	2	Piezo		S_N	Ultrasonics	0																																																																																																																																																																																						
26.09.25-15:46:48.806	3	Wait		5000																																																																																																																																																																																								
26.09.25-15:46:53.835	2	Piezo		S_N	Stop	0																																																																																																																																																																																						
26.09.25-15:46:53.966	7	Syringe Pump		1.0/1.0/0.0/500.0/18.0/500.0/1.0																																																																																																																																																																																								
26.09.25-15:47:12.632	0	Drives		3	CameraStation	38000	6000	21500	25000	25000	15000																																																																																																																																																																																	
26.09.25-15:47:14.217	Z=11550   11550__1
26.09.25-15:47:14.217	Moving to: X= 42435; Y=2497
26.09.25-15:47:14.715	X=42435   42433__Y=2497   2497
26.09.25-15:47:15.779	Z=25224   25224__1
26.09.25-15:47:15.781	1	I/O		1	DOutput1	Wash Pump	OFF	0																																																																																																																																																																																				
26.09.25-15:47:15.784	0	Drives		3	CameraStation	37101	1548	20916	20000	20000	5000																																																																																																																																																																																	
26.09.25-15:47:15.784	Moving to: X= 42435; Y=2497
26.09.25-15:47:15.848	X=42435   42435__Y=2497   2497
26.09.25-15:47:15.926	Z=25224   25224__1
26.09.25-15:47:15.927	1	I/O	switch ON	2	DOutput2	Head Cam Light	ON	0																																																																																																																																																																																				
26.09.25-15:47:15.931	1	I/O	switch ON	2	DOutput2	Head Cam Light	ON	0																																																																																																																																																																																				
26.09.25-15:47:15.934	5	Function		Scan Spot Area	10	C:\Users\Scienion AG	0	1	0																																																																																																																																																																																			
26.09.25-15:47:17.097	Z=9114   9114__1
26.09.25-15:47:17.097	Moving to: X= 137295; Y=2866
26.09.25-15:47:17.937	X=137295   137284__Y=2866   2866
26.09.25-15:47:18.174	Moving to: X= 144028; Y=2866
26.09.25-15:47:18.415	X=144028   144024__Y=2866   2866
26.09.25-15:47:18.650	Moving to: X= 150761; Y=2866
26.09.25-15:47:18.900	X=150761   150758__Y=2866   2866
26.09.25-15:47:19.137	Moving to: X= 137295; Y=8273
26.09.25-15:47:19.424	X=137295   137309__Y=8273   8275
26.09.25-15:47:19.661	Moving to: X= 144028; Y=8273
26.09.25-15:47:19.907	X=144028   144021__Y=8273   8273
26.09.25-15:47:20.143	Moving to: X= 150761; Y=8273
26.09.25-15:47:20.392	X=150761   150756__Y=8273   8273
26.09.25-15:47:20.630	Moving to: X= 137295; Y=13680
26.09.25-15:47:20.916	X=137295   137310__Y=13680   13682
26.09.25-15:47:21.152	Moving to: X= 144028; Y=13680
26.09.25-15:47:21.401	X=144028   144022__Y=13680   13680
26.09.25-15:47:21.636	Moving to: X= 150761; Y=13680
26.09.25-15:47:21.677	Humidity=	69	  Temperature=	23	  Dew Point=	17.0	  Adj. Temp=	16.0	  Bath Temp=	16.7
26.09.25-15:47:21.883	X=150761   150757__Y=13680   13680
26.09.25-15:47:22.121	Moving to: X= 137295; Y=19087
26.09.25-15:47:22.407	X=137295   137311__Y=19087   19089
26.09.25-15:47:22.645	Moving to: X= 144028; Y=19087
26.09.25-15:47:22.889	X=144028   144021__Y=19087   19087
26.09.25-15:47:23.124	Moving to: X= 150761; Y=19087
26.09.25-15:47:23.370	X=150761   150756__Y=19087   19087
26.09.25-15:47:23.607	Moving to: X= 137295; Y=24493
26.09.25-15:47:23.892	X=137295   137311__Y=24493   24494
26.09.25-15:47:24.130	Moving to: X= 144028; Y=24493
26.09.25-15:47:24.376	X=144028   144021__Y=24493   24493
26.09.25-15:47:24.611	Moving to: X= 150761; Y=24493
26.09.25-15:47:24.855	X=150761   150756__Y=24493   24493
26.09.25-15:47:25.272	Moving to: X= 154795; Y=2866
26.09.25-15:47:25.623	X=154795   154795__Y=2866   2871
26.09.25-15:47:25.861	Moving to: X= 161528; Y=2866
26.09.25-15:47:26.104	X=161528   161523__Y=2866   2866
26.09.25-15:47:26.340	Moving to: X= 168261; Y=2866
26.09.25-15:47:26.584	X=168261   168257__Y=2866   2866
26.09.25-15:47:26.820	Moving to: X= 154795; Y=8273
26.09.25-15:47:27.105	X=154795   154809__Y=8273   8275
26.09.25-15:47:27.341	Moving to: X= 161528; Y=8273
26.09.25-15:47:27.587	X=161528   161522__Y=8273   8273
26.09.25-15:47:27.824	Moving to: X= 168261; Y=8273
26.09.25-15:47:28.069	X=168261   168256__Y=8273   8273
26.09.25-15:47:28.304	Moving to: X= 154795; Y=13680
26.09.25-15:47:28.591	X=154795   154810__Y=13680   13682
26.09.25-15:47:28.829	Moving to: X= 161528; Y=13680
26.09.25-15:47:29.073	X=161528   161522__Y=13680   13680
26.09.25-15:47:29.311	Moving to: X= 168261; Y=13680
26.09.25-15:47:29.556	X=168261   168256__Y=13680   13680
26.09.25-15:47:29.791	Moving to: X= 154795; Y=19087
26.09.25-15:47:30.078	X=154795   154810__Y=19087   19089
26.09.25-15:47:30.314	Moving to: X= 161528; Y=19087
26.09.25-15:47:30.560	X=161528   161522__Y=19087   19087
26.09.25-15:47:30.796	Moving to: X= 168261; Y=19087
26.09.25-15:47:31.039	X=168261   168256__Y=19087   19087
26.09.25-15:47:31.276	Moving to: X= 154795; Y=24493
26.09.25-15:47:31.564	X=154795   154810__Y=24493   24494
26.09.25-15:47:31.799	Moving to: X= 161528; Y=24493
26.09.25-15:47:32.047	X=161528   161522__Y=24493   24493
26.09.25-15:47:32.284	Moving to: X= 168261; Y=24493
26.09.25-15:47:32.528	X=168261   168256__Y=24493   24493
26.09.25-15:47:32.944	1	I/O		2	DOutput2	Head Cam Light	OFF	0																																																																																																																																																																																				
26.09.25-15:47:32.948	4	Message		Isolation completed! If you are done dispesnsing cells, make sure to close the cell Monitor before continuing the preparation.	OK																																																																																																																																																																																							
26.09.25-15:47:32.955	Comment: Isolation completed! If you are done dispesnsing cells, make sure to close the cell Monitor before continuing the preparation.
26.09.25-15:47:35.467	
	Total detected particles:	2912	
	Total volume dispensed (nl):	635.01	
	Concentration estimated (1/µl):	4585.77	
	AutoROI-LEFT : 	1024.000000	
	User-ROI-LEFT : 	6.000000	
	Channels :Transmission-Positive
Run has finished: 3:47 PM - 9/26/2025


§02-07-33-54-41-25-11-59-44-18-37-17-25-39-37-48-03-37-29-06-24-20-55-63-23-30-62-51-03-25-09-59-08-12-54-39-49-52-27-59-20-42-22-54-39
